d:\projects\sfml01\sfml01\debug\sfml01.pch
d:\projects\sfml01\sfml01\debug\vc141.pdb
d:\projects\sfml01\sfml01\debug\vc141.idb
d:\projects\sfml01\sfml01\debug\pch.obj
d:\projects\sfml01\sfml01\debug\bitmap.obj
d:\projects\sfml01\sfml01\debug\stars3d.obj
d:\projects\sfml01\sfml01\debug\sfml01.obj
d:\projects\sfml01\debug\sfml01.exe
d:\projects\sfml01\debug\sfml01.ilk
d:\projects\sfml01\debug\sfml01.pdb
d:\projects\star3d\sfml01\debug\bitmap.obj
d:\projects\star3d\sfml01\debug\pch.obj
d:\projects\star3d\sfml01\debug\sfml01.obj
d:\projects\star3d\sfml01\debug\stars3d.obj
d:\projects\star3d\sfml01\debug\sfml01.pch
d:\projects\star3d\sfml01\debug\vc141.idb
d:\projects\star3d\sfml01\debug\vc141.pdb
d:\projects\star3d\debug\sfml01.pdb
d:\projects\star3d\debug\sfml01.exe
d:\projects\star3d\debug\sfml01.ilk
d:\projects\star3d\sfml01\debug\sfml01.tlog\cl.command.1.tlog
d:\projects\star3d\sfml01\debug\sfml01.tlog\cl.read.1.tlog
d:\projects\star3d\sfml01\debug\sfml01.tlog\cl.write.1.tlog
d:\projects\star3d\sfml01\debug\sfml01.tlog\link.command.1.tlog
d:\projects\star3d\sfml01\debug\sfml01.tlog\link.read.1.tlog
d:\projects\star3d\sfml01\debug\sfml01.tlog\link.write.1.tlog
